<?xml version="1.0" encoding="UTF-8"?>
<!-- Generated by org.testng.reporters.JUnitXMLReporter -->
<testsuite hostname="LAPTOP-769CRJCU" ignored="0" name="Regression Functional Test" tests="5" failures="1" timestamp="15 May 2020 04:41:17 GMT" time="42.344" errors="0">
  <testcase name="verifyLoginPageTitleTest" time="1.683" classname="com.facebook.qa.test.LoginPageTest"/>
  <testcase name="verifyUserNameTest" time="1.78" classname="com.facebook.qa.test.HomePageTest"/>
  <testcase name="verifyHomePageTitleTest" time="0.015" classname="com.facebook.qa.test.HomePageTest">
    <failure type="java.lang.AssertionError" message="expected [Facebook - Log In or Sign Up] but found [(3) Facebook]">
      <![CDATA[java.lang.AssertionError: expected [Facebook - Log In or Sign Up] but found [(3) Facebook]
at org.testng.Assert.fail(Assert.java:96)
at org.testng.Assert.failNotEquals(Assert.java:776)
at org.testng.Assert.assertEqualsImpl(Assert.java:137)
at org.testng.Assert.assertEquals(Assert.java:118)
at org.testng.Assert.assertEquals(Assert.java:453)
at org.testng.Assert.assertEquals(Assert.java:463)
at com.facebook.qa.test.HomePageTest.verifyHomePageTitleTest(HomePageTest.java:35)
at sun.reflect.NativeMethodAccessorImpl.invoke0(Native Method)
at sun.reflect.NativeMethodAccessorImpl.invoke(Unknown Source)
at sun.reflect.DelegatingMethodAccessorImpl.invoke(Unknown Source)
at java.lang.reflect.Method.invoke(Unknown Source)
at org.testng.internal.MethodInvocationHelper.invokeMethod(MethodInvocationHelper.java:124)
at org.testng.internal.Invoker.invokeMethod(Invoker.java:583)
at org.testng.internal.Invoker.invokeTestMethod(Invoker.java:719)
at org.testng.internal.Invoker.invokeTestMethods(Invoker.java:989)
at org.testng.internal.TestMethodWorker.invokeTestMethods(TestMethodWorker.java:125)
at org.testng.internal.TestMethodWorker.run(TestMethodWorker.java:109)
at java.util.concurrent.ThreadPoolExecutor.runWorker(Unknown Source)
at java.util.concurrent.ThreadPoolExecutor$Worker.run(Unknown Source)
at java.lang.Thread.run(Unknown Source)
]]>
    </failure>
  </testcase> <!-- verifyHomePageTitleTest -->
  <testcase name="verifySignupLinkTest" time="1.562" classname="com.facebook.qa.test.LoginPageTest"/>
  <testcase name="verifyLoginTest" time="14.344" classname="com.facebook.qa.test.LoginPageTest"/>
</testsuite> <!-- Regression Functional Test -->
